[INFO  - 2018-12-08T13:15:56.324Z] GhostDriver - Main - running on port 41103
[INFO  - 2018-12-08T13:15:56.985Z] Session [65f62990-faeb-11e8-bb2c-858ca6631207] - page.settings - {"XSSAuditingEnabled":false,"javascriptCanCloseWindows":true,"javascriptCanOpenWindows":true,"javascriptEnabled":true,"loadImages":true,"localToRemoteUrlAccessEnabled":false,"userAgent":"Mozilla/5.0 (Windows NT 6.1) AppleWebKit/537.36 (KHTML, like Gecko) Chrome/49.0.2623.221 Safari/537.36 SE 2.X MetaSr 1.0","webSecurityEnabled":true}
[INFO  - 2018-12-08T13:15:56.985Z] Session [65f62990-faeb-11e8-bb2c-858ca6631207] - page.customHeaders:  - {}
[INFO  - 2018-12-08T13:15:56.986Z] Session [65f62990-faeb-11e8-bb2c-858ca6631207] - Session.negotiatedCapabilities - {"browserName":"phantomjs","version":"2.1.1","driverName":"ghostdriver","driverVersion":"1.2.0","platform":"linux-unknown-32bit","javascriptEnabled":true,"takesScreenshot":true,"handlesAlerts":false,"databaseEnabled":false,"locationContextEnabled":false,"applicationCacheEnabled":false,"browserConnectionEnabled":false,"cssSelectorsEnabled":true,"webStorageEnabled":false,"rotatable":false,"acceptSslCerts":false,"nativeEvents":true,"proxy":{"proxyType":"direct"},"phantomjs.page.settings.userAgent":"Mozilla/5.0 (Windows NT 6.1) AppleWebKit/537.36 (KHTML, like Gecko) Chrome/49.0.2623.221 Safari/537.36 SE 2.X MetaSr 1.0"}
[INFO  - 2018-12-08T13:15:56.986Z] SessionManagerReqHand - _postNewSessionCommand - New Session Created: 65f62990-faeb-11e8-bb2c-858ca6631207
[ERROR - 2018-12-08T13:15:59.766Z] Session [65f62990-faeb-11e8-bb2c-858ca6631207] - page.onError - msg: VIDEOJS: ERROR: (CODE:4 MEDIA_ERR_SRC_NOT_SUPPORTED) No compatible source was found for this media. [object Object]

  phantomjs://platform/console++.js:263 in error
[ERROR - 2018-12-08T13:15:59.773Z] Session [65f62990-faeb-11e8-bb2c-858ca6631207] - page.onError - stack:
  apply (:0)

  phantomjs://platform/console++.js:263 in error
[ERROR - 2018-12-08T13:15:59.802Z] Session [65f62990-faeb-11e8-bb2c-858ca6631207] - page.onError - msg: TypeError: undefined is not an object (evaluating 'this.tech_.one')

  phantomjs://platform/console++.js:263 in error
[ERROR - 2018-12-08T13:15:59.802Z] Session [65f62990-faeb-11e8-bb2c-858ca6631207] - page.onError - stack:
  play (https://s3.pstatp.com/toutiao/video_player/dist/tt-video.js:2)
  (anonymous function) (https://s3.pstatp.com/toutiao/video_player/dist/tt-video.js:1)
  (anonymous function) (https://s3.pstatp.com/toutiao/video_player/dist/tt-video.js:1)
  forEach (:0)
  (anonymous function) (https://s3.pstatp.com/toutiao/video_player/dist/tt-video.js:1)
  r (https://s3.pstatp.com/toutiao/video_player/dist/tt-video.js:2)

  phantomjs://platform/console++.js:263 in error
[ERROR - 2018-12-08T13:15:59.870Z] Session [65f62990-faeb-11e8-bb2c-858ca6631207] - page.onError - msg: VIDEOJS: ERROR: (CODE:4 MEDIA_ERR_SRC_NOT_SUPPORTED) No compatible source was found for this media. [object Object]

  phantomjs://platform/console++.js:263 in error
[ERROR - 2018-12-08T13:15:59.870Z] Session [65f62990-faeb-11e8-bb2c-858ca6631207] - page.onError - stack:
  apply (:0)

  phantomjs://platform/console++.js:263 in error
